Using pre-set license
Built from '2020.3/staging' branch; Version is '2020.3.4f1 (0abb6314276a) revision 703331'; Using compiler version '192528614'; Build Type 'Release'
OS: 'Windows 10 Pro; OS build 19042.928; Version 2009; 64bit' Language: 'de' Physical Memory: 16334 MB
BatchMode: 1, IsHumanControllingUs: 0, StartBugReporterOnCrash: 0, Is64bit: 1, IsPro: 0

 COMMAND LINE ARGUMENTS:
D:\Projekte\Unity\2020.3.4f1\Editor\Unity.exe
-adb2
-batchMode
-noUpm
-name
AssetImportWorker0
-projectPath
D:/Projekte/GitHub/AR_Bewegte_Bilder
-logFile
Logs/AssetImportWorker0.log
-srvPort
53582
Successfully changed project path to: D:/Projekte/GitHub/AR_Bewegte_Bilder
D:/Projekte/GitHub/AR_Bewegte_Bilder
Using Asset Import Pipeline V2.
Refreshing native plugins compatible for Editor in 33.85 ms, found 2 plugins.
Preloading 1 native plugins for Editor in 1.27 ms.
Initialize engine version: 2020.3.4f1 (0abb6314276a)
[Subsystems] Discovering subsystems at path D:/Projekte/Unity/2020.3.4f1/Editor/Data/Resources/UnitySubsystems
[Subsystems] Discovering subsystems at path D:/Projekte/GitHub/AR_Bewegte_Bilder/Assets
GfxDevice: creating device client; threaded=0
Direct3D:
    Version:  Direct3D 11.0 [level 11.1]
    Renderer: NVIDIA GeForce GTX 1060 6GB (ID=0x1c03)
    Vendor:   
    VRAM:     6052 MB
    Driver:   27.21.14.6611
Shader 'PointClouds/PointSplat': fallback shader 'PointClouds/PointSplatLegacy' not found
Initialize mono
Mono path[0] = 'D:/Projekte/Unity/2020.3.4f1/Editor/Data/Managed'
Mono path[1] = 'D:/Projekte/Unity/2020.3.4f1/Editor/Data/MonoBleedingEdge/lib/mono/unityjit'
Mono config path = 'D:/Projekte/Unity/2020.3.4f1/Editor/Data/MonoBleedingEdge/etc'
Using monoOptions --debugger-agent=transport=dt_socket,embedding=1,server=y,suspend=n,address=127.0.0.1:56712
Begin MonoManager ReloadAssembly
Registering precompiled unity dll's ...
Register platform support module: D:/Projekte/Unity/2020.3.4f1/Editor/Data/PlaybackEngines/MacStandaloneSupport/UnityEditor.OSXStandalone.Extensions.dll
Register platform support module: D:/Projekte/Unity/2020.3.4f1/Editor/Data/PlaybackEngines/WindowsStandaloneSupport/UnityEditor.WindowsStandalone.Extensions.dll
Registered in 0.001458 seconds.
Native extension for WindowsStandalone target not found
Native extension for OSXStandalone target not found
Refreshing native plugins compatible for Editor in 29.74 ms, found 2 plugins.
Preloading 1 native plugins for Editor in 0.05 ms.
Mono: successfully reloaded assembly
- Completed reload, in  1.079 seconds
Platform modules already initialized, skipping
Registering precompiled user dll's ...
Registered in 0.003724 seconds.
Begin MonoManager ReloadAssembly
Native extension for WindowsStandalone target not found
Native extension for OSXStandalone target not found
Refreshing native plugins compatible for Editor in 0.53 ms, found 2 plugins.
Preloading 1 native plugins for Editor in 0.05 ms.
System.NullReferenceException: Object reference not set to an instance of an object
  at Vuforia.EditorClasses.ExtensionTypeProvider.GetVuforiaPackageAbsPath () [0x0004a] in <d3e3611e09164266b01b2e2ee0bae4b4>:0 
  at Vuforia.EditorClasses.ExtensionTypeProvider.IsPackageManager () [0x00000] in <d3e3611e09164266b01b2e2ee0bae4b4>:0 
  at Vuforia.EditorClasses.ExtensionTypeProvider.ResolvePluginType () [0x00009] in <d3e3611e09164266b01b2e2ee0bae4b4>:0 
  at Vuforia.EditorClasses.ExtensionTypeProvider.GetPluginType () [0x0000c] in <d3e3611e09164266b01b2e2ee0bae4b4>:0 
  at Vuforia.EditorClasses.VuforiaUtilities.IsVuforiaEnabledInPlayerSettings () [0x00000] in <d3e3611e09164266b01b2e2ee0bae4b4>:0 
  at VuforiaEnabledObserver..cctor () [0x00000] in <d3e3611e09164266b01b2e2ee0bae4b4>:0 
UnityEngine.StackTraceUtility:ExtractStackTrace ()
UnityEngine.DebugLogHandler:LogFormat (UnityEngine.LogType,UnityEngine.Object,string,object[])
UnityEngine.Logger:Log (UnityEngine.LogType,object)
UnityEngine.Debug:LogError (object)
UnityEditor.EditorAssemblies:ProcessInitializeOnLoadAttributes (System.Type[])

System.NullReferenceException: Object reference not set to an instance of an object
  at Vuforia.EditorClasses.ExtensionTypeProvider.GetVuforiaPackageAbsPath () [0x0004a] in <d3e3611e09164266b01b2e2ee0bae4b4>:0 
  at Vuforia.EditorClasses.ExtensionTypeProvider.IsPackageManager () [0x00000] in <d3e3611e09164266b01b2e2ee0bae4b4>:0 
  at Vuforia.EditorClasses.ExtensionTypeProvider.ResolvePluginType () [0x00009] in <d3e3611e09164266b01b2e2ee0bae4b4>:0 
  at Vuforia.EditorClasses.ExtensionTypeProvider.GetPluginType () [0x0000c] in <d3e3611e09164266b01b2e2ee0bae4b4>:0 
  at Vuforia.EditorClasses.VuforiaUtilities.IsVuforiaEnabledInPlayerSettings () [0x00000] in <d3e3611e09164266b01b2e2ee0bae4b4>:0 
  at Vuforia.EditorClasses.InitializeOnLoadVuforiaTaskRunner..cctor () [0x00015] in <d3e3611e09164266b01b2e2ee0bae4b4>:0 
UnityEngine.StackTraceUtility:ExtractStackTrace ()
UnityEngine.DebugLogHandler:LogFormat (UnityEngine.LogType,UnityEngine.Object,string,object[])
UnityEngine.Logger:Log (UnityEngine.LogType,object)
UnityEngine.Debug:LogError (object)
UnityEditor.EditorAssemblies:ProcessInitializeOnLoadAttributes (System.Type[])

Mono: successfully reloaded assembly
- Completed reload, in  0.984 seconds
Platform modules already initialized, skipping
========================================================================
Worker process is ready to serve import requests
Shader 'PointClouds/PointSplat': fallback shader 'PointClouds/PointSplatLegacy' not found
Launched and connected shader compiler UnityShaderCompiler.exe after 0.05 seconds
Refreshing native plugins compatible for Editor in 0.51 ms, found 2 plugins.
Preloading 1 native plugins for Editor in 0.05 ms.
Unloading 1163 Unused Serialized files (Serialized files now loaded: 0)
System memory in use before: 61.5 MB.
System memory in use after: 61.5 MB.

Unloading 38 unused Assets to reduce memory usage. Loaded Objects now: 1861.
Total: 2.719400 ms (FindLiveObjects: 0.395900 ms CreateObjectMapping: 0.067000 ms MarkObjects: 2.128800 ms  DeleteObjects: 0.124900 ms)

========================================================================
Received Import Request.
  path: Assets/Resources
  artifactKey: Guid(212cb940d82f2024b96d52c0d14f9c3b) Importer(815301076,1909f56bfc062723c751e8b465ee728b)
Start importing Assets/Resources using Guid(212cb940d82f2024b96d52c0d14f9c3b) Importer(815301076,1909f56bfc062723c751e8b465ee728b)  -> (artifact id: 'f914070a0c6af89e166c516c83673a8c') in 0.015055 seconds
  Import took 0.017505 seconds .

========================================================================
Received Import Request.
  Time since last request: 0.000236 seconds.
  path: Assets/Resources/VuforiaConfiguration.asset
  artifactKey: Guid(96e3c3bd9416dec478d49e79994e093b) Importer(815301076,1909f56bfc062723c751e8b465ee728b)
Start importing Assets/Resources/VuforiaConfiguration.asset using Guid(96e3c3bd9416dec478d49e79994e093b) Importer(815301076,1909f56bfc062723c751e8b465ee728b)  -> (artifact id: '031072bd061929be1e53857009b1c66d') in 0.041022 seconds
  Import took 0.043050 seconds .

========================================================================
Received Import Request.
  Time since last request: 0.000204 seconds.
  path: Assets/New Folder
  artifactKey: Guid(41fe6b03212ce9943b9abbace9b3f9f9) Importer(815301076,1909f56bfc062723c751e8b465ee728b)
Start importing Assets/New Folder using Guid(41fe6b03212ce9943b9abbace9b3f9f9) Importer(815301076,1909f56bfc062723c751e8b465ee728b)  -> (artifact id: 'fdd7809f0cc9e66eec8b3fbfdf04cb87') in 0.004164 seconds
  Import took 0.006311 seconds .

========================================================================
Received Import Request.
  Time since last request: 11.535176 seconds.
  path: Assets/Medien/474669a.jpg
  artifactKey: Guid(2751f2cbde639a6479165e70ff55088d) Importer(815301076,1909f56bfc062723c751e8b465ee728b)
Start importing Assets/Medien/474669a.jpg using Guid(2751f2cbde639a6479165e70ff55088d) Importer(815301076,1909f56bfc062723c751e8b465ee728b)  -> (artifact id: '4926072e135dc7d6c903b1ad0ecf44d2') in 0.108354 seconds
  Import took 0.110961 seconds .

========================================================================
Received Import Request.
  Time since last request: 3.322221 seconds.
  path: Assets/Medien/Sirius Black Wanted - AR (360p_25fps_H264-128kbit_AAC).mp4
  artifactKey: Guid(52c5520cde4e9ba41adb2ccdfad21929) Importer(815301076,1909f56bfc062723c751e8b465ee728b)
Start importing Assets/Medien/Sirius Black Wanted - AR (360p_25fps_H264-128kbit_AAC).mp4 using Guid(52c5520cde4e9ba41adb2ccdfad21929) Importer(815301076,1909f56bfc062723c751e8b465ee728b)  -> (artifact id: 'bed42bbad21d38c448918ac0cdad92e1') in 0.016692 seconds
  Import took 0.019327 seconds .

========================================================================
Received Import Request.
  Time since last request: 1020.427133 seconds.
  path: Assets/Resources/VuforiaConfiguration.asset
  artifactKey: Guid(96e3c3bd9416dec478d49e79994e093b) Importer(815301076,1909f56bfc062723c751e8b465ee728b)
Start importing Assets/Resources/VuforiaConfiguration.asset using Guid(96e3c3bd9416dec478d49e79994e093b) Importer(815301076,1909f56bfc062723c751e8b465ee728b)  -> (artifact id: 'd9d197f569e06d6011a0bf59608914a2') in 0.006314 seconds
  Import took 0.009009 seconds .

========================================================================
Received Import Request.
  Time since last request: 0.031571 seconds.
  path: Assets/Resources/VuforiaConfiguration.asset
  artifactKey: Guid(96e3c3bd9416dec478d49e79994e093b) Importer(815301076,1909f56bfc062723c751e8b465ee728b)
Start importing Assets/Resources/VuforiaConfiguration.asset using Guid(96e3c3bd9416dec478d49e79994e093b) Importer(815301076,1909f56bfc062723c751e8b465ee728b)  -> (artifact id: 'd9d197f569e06d6011a0bf59608914a2') in 0.004924 seconds
  Import took 0.007407 seconds .

========================================================================
Received Prepare
Registering precompiled user dll's ...
Registered in 0.004080 seconds.
Begin MonoManager ReloadAssembly
Native extension for WindowsStandalone target not found
Native extension for OSXStandalone target not found
Refreshing native plugins compatible for Editor in 0.56 ms, found 2 plugins.
Preloading 1 native plugins for Editor in 0.06 ms.
System.NullReferenceException: Object reference not set to an instance of an object
  at Vuforia.EditorClasses.ExtensionTypeProvider.GetVuforiaPackageAbsPath () [0x0004a] in <d3e3611e09164266b01b2e2ee0bae4b4>:0 
  at Vuforia.EditorClasses.ExtensionTypeProvider.IsPackageManager () [0x00000] in <d3e3611e09164266b01b2e2ee0bae4b4>:0 
  at Vuforia.EditorClasses.ExtensionTypeProvider.ResolvePluginType () [0x00009] in <d3e3611e09164266b01b2e2ee0bae4b4>:0 
  at Vuforia.EditorClasses.ExtensionTypeProvider.GetPluginType () [0x0000c] in <d3e3611e09164266b01b2e2ee0bae4b4>:0 
  at Vuforia.EditorClasses.VuforiaUtilities.IsVuforiaEnabledInPlayerSettings () [0x00000] in <d3e3611e09164266b01b2e2ee0bae4b4>:0 
  at VuforiaEnabledObserver..cctor () [0x00000] in <d3e3611e09164266b01b2e2ee0bae4b4>:0 
UnityEngine.StackTraceUtility:ExtractStackTrace ()
UnityEngine.DebugLogHandler:LogFormat (UnityEngine.LogType,UnityEngine.Object,string,object[])
UnityEngine.Logger:Log (UnityEngine.LogType,object)
UnityEngine.Debug:LogError (object)
UnityEditor.EditorAssemblies:ProcessInitializeOnLoadAttributes (System.Type[])

System.NullReferenceException: Object reference not set to an instance of an object
  at Vuforia.EditorClasses.ExtensionTypeProvider.GetVuforiaPackageAbsPath () [0x0004a] in <d3e3611e09164266b01b2e2ee0bae4b4>:0 
  at Vuforia.EditorClasses.ExtensionTypeProvider.IsPackageManager () [0x00000] in <d3e3611e09164266b01b2e2ee0bae4b4>:0 
  at Vuforia.EditorClasses.ExtensionTypeProvider.ResolvePluginType () [0x00009] in <d3e3611e09164266b01b2e2ee0bae4b4>:0 
  at Vuforia.EditorClasses.ExtensionTypeProvider.GetPluginType () [0x0000c] in <d3e3611e09164266b01b2e2ee0bae4b4>:0 
  at Vuforia.EditorClasses.VuforiaUtilities.IsVuforiaEnabledInPlayerSettings () [0x00000] in <d3e3611e09164266b01b2e2ee0bae4b4>:0 
  at Vuforia.EditorClasses.InitializeOnLoadVuforiaTaskRunner..cctor () [0x00015] in <d3e3611e09164266b01b2e2ee0bae4b4>:0 
UnityEngine.StackTraceUtility:ExtractStackTrace ()
UnityEngine.DebugLogHandler:LogFormat (UnityEngine.LogType,UnityEngine.Object,string,object[])
UnityEngine.Logger:Log (UnityEngine.LogType,object)
UnityEngine.Debug:LogError (object)
UnityEditor.EditorAssemblies:ProcessInitializeOnLoadAttributes (System.Type[])

Mono: successfully reloaded assembly
- Completed reload, in  0.965 seconds
Platform modules already initialized, skipping
Shader 'PointClouds/PointSplat': fallback shader 'PointClouds/PointSplatLegacy' not found
Refreshing native plugins compatible for Editor in 0.53 ms, found 2 plugins.
Preloading 1 native plugins for Editor in 0.05 ms.
Unloading 1147 Unused Serialized files (Serialized files now loaded: 0)
System memory in use before: 60.4 MB.
System memory in use after: 60.4 MB.

Unloading 33 unused Assets to reduce memory usage. Loaded Objects now: 1866.
Total: 1.931800 ms (FindLiveObjects: 0.208500 ms CreateObjectMapping: 0.035400 ms MarkObjects: 1.607400 ms  DeleteObjects: 0.079500 ms)

========================================================================
Received Prepare
Registering precompiled user dll's ...
Registered in 0.003682 seconds.
Begin MonoManager ReloadAssembly
Native extension for WindowsStandalone target not found
Native extension for OSXStandalone target not found
Refreshing native plugins compatible for Editor in 0.78 ms, found 2 plugins.
Preloading 1 native plugins for Editor in 0.08 ms.
System.NullReferenceException: Object reference not set to an instance of an object
  at Vuforia.EditorClasses.ExtensionTypeProvider.GetVuforiaPackageAbsPath () [0x0004a] in <d3e3611e09164266b01b2e2ee0bae4b4>:0 
  at Vuforia.EditorClasses.ExtensionTypeProvider.IsPackageManager () [0x00000] in <d3e3611e09164266b01b2e2ee0bae4b4>:0 
  at Vuforia.EditorClasses.ExtensionTypeProvider.ResolvePluginType () [0x00009] in <d3e3611e09164266b01b2e2ee0bae4b4>:0 
  at Vuforia.EditorClasses.ExtensionTypeProvider.GetPluginType () [0x0000c] in <d3e3611e09164266b01b2e2ee0bae4b4>:0 
  at Vuforia.EditorClasses.VuforiaUtilities.IsVuforiaEnabledInPlayerSettings () [0x00000] in <d3e3611e09164266b01b2e2ee0bae4b4>:0 
  at VuforiaEnabledObserver..cctor () [0x00000] in <d3e3611e09164266b01b2e2ee0bae4b4>:0 
UnityEngine.StackTraceUtility:ExtractStackTrace ()
UnityEngine.DebugLogHandler:LogFormat (UnityEngine.LogType,UnityEngine.Object,string,object[])
UnityEngine.Logger:Log (UnityEngine.LogType,object)
UnityEngine.Debug:LogError (object)
UnityEditor.EditorAssemblies:ProcessInitializeOnLoadAttributes (System.Type[])

System.NullReferenceException: Object reference not set to an instance of an object
  at Vuforia.EditorClasses.ExtensionTypeProvider.GetVuforiaPackageAbsPath () [0x0004a] in <d3e3611e09164266b01b2e2ee0bae4b4>:0 
  at Vuforia.EditorClasses.ExtensionTypeProvider.IsPackageManager () [0x00000] in <d3e3611e09164266b01b2e2ee0bae4b4>:0 
  at Vuforia.EditorClasses.ExtensionTypeProvider.ResolvePluginType () [0x00009] in <d3e3611e09164266b01b2e2ee0bae4b4>:0 
  at Vuforia.EditorClasses.ExtensionTypeProvider.GetPluginType () [0x0000c] in <d3e3611e09164266b01b2e2ee0bae4b4>:0 
  at Vuforia.EditorClasses.VuforiaUtilities.IsVuforiaEnabledInPlayerSettings () [0x00000] in <d3e3611e09164266b01b2e2ee0bae4b4>:0 
  at Vuforia.EditorClasses.InitializeOnLoadVuforiaTaskRunner..cctor () [0x00015] in <d3e3611e09164266b01b2e2ee0bae4b4>:0 
UnityEngine.StackTraceUtility:ExtractStackTrace ()
UnityEngine.DebugLogHandler:LogFormat (UnityEngine.LogType,UnityEngine.Object,string,object[])
UnityEngine.Logger:Log (UnityEngine.LogType,object)
UnityEngine.Debug:LogError (object)
UnityEditor.EditorAssemblies:ProcessInitializeOnLoadAttributes (System.Type[])

Mono: successfully reloaded assembly
- Completed reload, in  0.954 seconds
Platform modules already initialized, skipping
Shader 'PointClouds/PointSplat': fallback shader 'PointClouds/PointSplatLegacy' not found
Refreshing native plugins compatible for Editor in 0.53 ms, found 2 plugins.
Preloading 1 native plugins for Editor in 0.05 ms.
Unloading 1147 Unused Serialized files (Serialized files now loaded: 0)
System memory in use before: 60.4 MB.
System memory in use after: 60.5 MB.

Unloading 33 unused Assets to reduce memory usage. Loaded Objects now: 1869.
Total: 2.538100 ms (FindLiveObjects: 0.357200 ms CreateObjectMapping: 0.082200 ms MarkObjects: 2.005900 ms  DeleteObjects: 0.091500 ms)

========================================================================
Received Prepare
Registering precompiled user dll's ...
Registered in 0.003970 seconds.
Begin MonoManager ReloadAssembly
Native extension for WindowsStandalone target not found
Native extension for OSXStandalone target not found
Refreshing native plugins compatible for Editor in 0.52 ms, found 2 plugins.
Preloading 1 native plugins for Editor in 0.04 ms.
System.NullReferenceException: Object reference not set to an instance of an object
  at Vuforia.EditorClasses.ExtensionTypeProvider.GetVuforiaPackageAbsPath () [0x0004a] in <d3e3611e09164266b01b2e2ee0bae4b4>:0 
  at Vuforia.EditorClasses.ExtensionTypeProvider.IsPackageManager () [0x00000] in <d3e3611e09164266b01b2e2ee0bae4b4>:0 
  at Vuforia.EditorClasses.ExtensionTypeProvider.ResolvePluginType () [0x00009] in <d3e3611e09164266b01b2e2ee0bae4b4>:0 
  at Vuforia.EditorClasses.ExtensionTypeProvider.GetPluginType () [0x0000c] in <d3e3611e09164266b01b2e2ee0bae4b4>:0 
  at Vuforia.EditorClasses.VuforiaUtilities.IsVuforiaEnabledInPlayerSettings () [0x00000] in <d3e3611e09164266b01b2e2ee0bae4b4>:0 
  at VuforiaEnabledObserver..cctor () [0x00000] in <d3e3611e09164266b01b2e2ee0bae4b4>:0 
UnityEngine.StackTraceUtility:ExtractStackTrace ()
UnityEngine.DebugLogHandler:LogFormat (UnityEngine.LogType,UnityEngine.Object,string,object[])
UnityEngine.Logger:Log (UnityEngine.LogType,object)
UnityEngine.Debug:LogError (object)
UnityEditor.EditorAssemblies:ProcessInitializeOnLoadAttributes (System.Type[])

System.NullReferenceException: Object reference not set to an instance of an object
  at Vuforia.EditorClasses.ExtensionTypeProvider.GetVuforiaPackageAbsPath () [0x0004a] in <d3e3611e09164266b01b2e2ee0bae4b4>:0 
  at Vuforia.EditorClasses.ExtensionTypeProvider.IsPackageManager () [0x00000] in <d3e3611e09164266b01b2e2ee0bae4b4>:0 
  at Vuforia.EditorClasses.ExtensionTypeProvider.ResolvePluginType () [0x00009] in <d3e3611e09164266b01b2e2ee0bae4b4>:0 
  at Vuforia.EditorClasses.ExtensionTypeProvider.GetPluginType () [0x0000c] in <d3e3611e09164266b01b2e2ee0bae4b4>:0 
  at Vuforia.EditorClasses.VuforiaUtilities.IsVuforiaEnabledInPlayerSettings () [0x00000] in <d3e3611e09164266b01b2e2ee0bae4b4>:0 
  at Vuforia.EditorClasses.InitializeOnLoadVuforiaTaskRunner..cctor () [0x00015] in <d3e3611e09164266b01b2e2ee0bae4b4>:0 
UnityEngine.StackTraceUtility:ExtractStackTrace ()
UnityEngine.DebugLogHandler:LogFormat (UnityEngine.LogType,UnityEngine.Object,string,object[])
UnityEngine.Logger:Log (UnityEngine.LogType,object)
UnityEngine.Debug:LogError (object)
UnityEditor.EditorAssemblies:ProcessInitializeOnLoadAttributes (System.Type[])

Mono: successfully reloaded assembly
- Completed reload, in  0.906 seconds
Platform modules already initialized, skipping
Shader 'PointClouds/PointSplat': fallback shader 'PointClouds/PointSplatLegacy' not found
Refreshing native plugins compatible for Editor in 0.66 ms, found 2 plugins.
Preloading 1 native plugins for Editor in 0.07 ms.
Unloading 1147 Unused Serialized files (Serialized files now loaded: 0)
System memory in use before: 60.4 MB.
System memory in use after: 60.5 MB.

Unloading 33 unused Assets to reduce memory usage. Loaded Objects now: 1872.
Total: 2.149000 ms (FindLiveObjects: 0.263800 ms CreateObjectMapping: 0.052400 ms MarkObjects: 1.747700 ms  DeleteObjects: 0.084000 ms)

AssetImportWorkerClient::OnTransportError - code=2 error=End of file
